<?xml version="1.0" encoding="UTF-8"?>
<!-- Generated by org.testng.reporters.JUnitReportReporter -->
<testsuite hostname="DESKTOP-R7CSGCQ" failures="0" tests="3" name="MyClass_Tests" time="16.605" errors="0" timestamp="2023-03-09T19:27:46 AST" skipped="0">
  <testcase classname="MyClass_Tests" name="SignUp" time="7.819"/>
  <system-out/>
  <testcase classname="MyClass_Tests" name="SignIn" time="6.622"/>
  <system-out/>
  <testcase classname="MyClass_Tests" name="SearchBarSelected" time="2.164"/>
  <system-out/>
</testsuite> <!-- MyClass_Tests -->
